{
  "RSpec": {
    "coverage": {
      "/home/hasasami/wepalabra/synthspot/app/helpers/application_helper.rb": [
        1,
        1,
        53,
        48,
        19,
        19,
        null,
        null,
        48,
        null,
        null,
        null
      ],
      "/home/hasasami/wepalabra/synthspot/app/helpers/instrument_setups_helper.rb": [
        1,
        null
      ],
      "/home/hasasami/wepalabra/synthspot/app/helpers/instruments_helper.rb": [
        1,
        null
      ],
      "/home/hasasami/wepalabra/synthspot/app/helpers/likes_helper.rb": [
        1,
        null
      ],
      "/home/hasasami/wepalabra/synthspot/app/helpers/manufacturers_helper.rb": [
        1,
        null
      ],
      "/home/hasasami/wepalabra/synthspot/app/helpers/messages_helper.rb": [
        1,
        null
      ],
      "/home/hasasami/wepalabra/synthspot/app/helpers/reviews_helper.rb": [
        1,
        null
      ],
      "/home/hasasami/wepalabra/synthspot/app/helpers/setup_instruments_helper.rb": [
        1,
        null
      ],
      "/home/hasasami/wepalabra/synthspot/app/helpers/suggestions_helper.rb": [
        1,
        null
      ],
      "/home/hasasami/wepalabra/synthspot/app/helpers/tags_helper.rb": [
        1,
        null
      ],
      "/home/hasasami/wepalabra/synthspot/app/helpers/types_helper.rb": [
        1,
        null
      ],
      "/home/hasasami/wepalabra/synthspot/app/helpers/user_instruments_helper.rb": [
        1,
        null
      ],
      "/home/hasasami/wepalabra/synthspot/app/helpers/users_helper.rb": [
        1,
        null
      ],
      "/home/hasasami/wepalabra/synthspot/app/models/instrument_setup.rb": [
        1,
        1,
        1,
        1,
        1,
        1,
        1,
        null,
        1,
        1,
        0,
        null,
        1,
        1,
        null,
        1,
        1,
        null,
        null,
        1,
        null,
        null,
        null,
        null
      ],
      "/home/hasasami/wepalabra/synthspot/app/models/instrument.rb": [
        1,
        1,
        1,
        1,
        1,
        1,
        null,
        1,
        1,
        1,
        1,
        null,
        1,
        5,
        null,
        null,
        1,
        1,
        0,
        null,
        1,
        null,
        null,
        null,
        1,
        26,
        null,
        null,
        1,
        null,
        1,
        1,
        null,
        1,
        1,
        1,
        1,
        null,
        1,
        null,
        6,
        1,
        null,
        5,
        2,
        2,
        null,
        5,
        5,
        null,
        null,
        null,
        null,
        1,
        1,
        null,
        null,
        null
      ],
      "/home/hasasami/wepalabra/synthspot/app/models/like.rb": [
        1,
        1,
        1,
        null,
        1,
        1,
        null
      ],
      "/home/hasasami/wepalabra/synthspot/app/models/manufacturer.rb": [
        1,
        1,
        1,
        1,
        null,
        1,
        2,
        null,
        null,
        1,
        1,
        0,
        null,
        1,
        null,
        null,
        null
      ],
      "/home/hasasami/wepalabra/synthspot/app/models/message.rb": [
        1,
        1,
        1,
        1,
        null
      ],
      "/home/hasasami/wepalabra/synthspot/app/models/review.rb": [
        1,
        1,
        1,
        null
      ],
      "/home/hasasami/wepalabra/synthspot/app/models/setup_instrument.rb": [
        1,
        1,
        1,
        null
      ],
      "/home/hasasami/wepalabra/synthspot/app/models/suggestion.rb": [
        1,
        1,
        1,
        null
      ],
      "/home/hasasami/wepalabra/synthspot/app/models/tag.rb": [
        1,
        1,
        null
      ],
      "/home/hasasami/wepalabra/synthspot/app/models/type.rb": [
        1,
        1,
        1,
        null,
        1,
        2,
        null,
        null
      ],
      "/home/hasasami/wepalabra/synthspot/app/models/user.rb": [
        1,
        1,
        1,
        1,
        1,
        1,
        1,
        1,
        null,
        1,
        null,
        1,
        null,
        1,
        1,
        0,
        null,
        1,
        null,
        null,
        null
      ],
      "/home/hasasami/wepalabra/synthspot/app/controllers/sessions_controller.rb": [
        1,
        1,
        null,
        null,
        null,
        1,
        26,
        26,
        26,
        26,
        null,
        0,
        null,
        null,
        null,
        1,
        2,
        2,
        null,
        null
      ],
      "/home/hasasami/wepalabra/synthspot/app/controllers/application_controller.rb": [
        1,
        null,
        null,
        1,
        1,
        null,
        1,
        1036,
        891,
        null,
        null,
        1,
        61,
        null,
        null,
        1,
        19,
        null,
        null
      ],
      "/home/hasasami/wepalabra/synthspot/app/controllers/users_controller.rb": [
        1,
        1,
        1,
        1,
        null,
        null,
        1,
        1,
        0,
        null,
        1,
        null,
        null,
        null,
        null,
        null,
        1,
        null,
        null,
        null,
        1,
        1,
        null,
        null,
        null,
        1,
        null,
        null,
        null,
        null,
        1,
        1,
        null,
        1,
        1,
        2,
        1,
        null,
        0,
        0,
        null,
        null,
        null,
        null,
        null,
        null,
        1,
        0,
        0,
        0,
        0,
        null,
        0,
        0,
        null,
        null,
        null,
        null,
        null,
        null,
        1,
        0,
        0,
        0,
        0,
        null,
        null,
        null,
        1,
        null,
        1,
        29,
        null,
        null,
        null,
        1,
        1,
        null,
        null
      ],
      "/home/hasasami/wepalabra/synthspot/app/models/user_instrument.rb": [
        1,
        1,
        1,
        null
      ],
      "/home/hasasami/wepalabra/synthspot/app/controllers/instrument_setups_controller.rb": [
        1,
        1,
        1,
        null,
        null,
        null,
        1,
        4,
        0,
        null,
        4,
        null,
        null,
        null,
        null,
        null,
        1,
        6,
        6,
        null,
        6,
        6,
        null,
        6,
        null,
        6,
        6,
        6,
        null,
        null,
        6,
        null,
        null,
        null,
        1,
        3,
        null,
        null,
        null,
        1,
        null,
        null,
        null,
        null,
        1,
        3,
        3,
        null,
        3,
        3,
        6,
        3,
        null,
        0,
        0,
        null,
        null,
        null,
        null,
        null,
        null,
        1,
        0,
        0,
        0,
        0,
        null,
        0,
        0,
        null,
        null,
        null,
        null,
        null,
        null,
        1,
        null,
        1,
        1,
        2,
        1,
        1,
        2,
        1,
        null,
        null,
        null,
        null,
        null,
        1,
        null,
        1,
        7,
        null,
        null,
        null,
        1,
        3,
        null,
        null
      ],
      "/home/hasasami/wepalabra/synthspot/app/controllers/setup_instruments_controller.rb": [
        1,
        1,
        1,
        null,
        null,
        null,
        1,
        0,
        null,
        null,
        null,
        null,
        1,
        null,
        null,
        null,
        1,
        0,
        null,
        null,
        null,
        1,
        null,
        null,
        null,
        null,
        1,
        2,
        null,
        2,
        2,
        4,
        2,
        null,
        0,
        0,
        null,
        null,
        null,
        null,
        null,
        null,
        1,
        0,
        0,
        0,
        0,
        null,
        0,
        0,
        null,
        null,
        null,
        null,
        null,
        null,
        1,
        0,
        0,
        0,
        0,
        0,
        null,
        null,
        null,
        1,
        null,
        1,
        0,
        null,
        null,
        null,
        1,
        2,
        null,
        null
      ],
      "/home/hasasami/wepalabra/synthspot/app/controllers/tags_controller.rb": [
        1,
        1,
        null,
        null,
        null,
        1,
        0,
        null,
        null,
        null,
        null,
        1,
        null,
        null,
        null,
        1,
        0,
        null,
        null,
        null,
        1,
        null,
        null,
        null,
        null,
        1,
        1,
        null,
        1,
        1,
        2,
        1,
        null,
        0,
        0,
        null,
        null,
        null,
        null,
        null,
        null,
        1,
        0,
        0,
        0,
        0,
        null,
        0,
        0,
        null,
        null,
        null,
        null,
        null,
        null,
        1,
        0,
        0,
        0,
        0,
        null,
        null,
        null,
        1,
        null,
        1,
        0,
        null,
        null,
        null,
        1,
        1,
        null,
        null
      ],
      "/home/hasasami/wepalabra/synthspot/app/controllers/instruments_controller.rb": [
        1,
        1,
        1,
        null,
        null,
        null,
        1,
        13,
        0,
        null,
        13,
        null,
        null,
        null,
        null,
        null,
        1,
        10,
        null,
        null,
        null,
        1,
        1,
        1,
        1,
        null,
        null,
        null,
        1,
        1,
        1,
        null,
        null,
        null,
        null,
        1,
        1,
        null,
        1,
        1,
        2,
        1,
        null,
        0,
        0,
        null,
        null,
        null,
        null,
        null,
        null,
        1,
        1,
        1,
        2,
        1,
        null,
        0,
        0,
        null,
        null,
        null,
        null,
        null,
        null,
        1,
        1,
        1,
        2,
        1,
        null,
        null,
        null,
        1,
        null,
        1,
        13,
        null,
        null,
        null,
        1,
        2,
        null,
        null
      ],
      "/home/hasasami/wepalabra/synthspot/app/controllers/reviews_controller.rb": [
        1,
        1,
        1,
        null,
        null,
        1,
        1,
        null,
        null,
        null,
        null,
        1,
        null,
        null,
        null,
        1,
        1,
        null,
        null,
        null,
        1,
        null,
        null,
        null,
        null,
        1,
        1,
        1,
        1,
        null,
        1,
        1,
        2,
        1,
        null,
        0,
        0,
        null,
        null,
        null,
        null,
        null,
        null,
        1,
        1,
        1,
        2,
        1,
        null,
        0,
        0,
        null,
        null,
        null,
        null,
        null,
        null,
        1,
        null,
        1,
        1,
        1,
        1,
        2,
        1,
        null,
        null,
        null,
        null,
        null,
        1,
        null,
        1,
        6,
        null,
        null,
        null,
        1,
        2,
        null,
        null
      ],
      "/home/hasasami/wepalabra/synthspot/app/controllers/manufacturers_controller.rb": [
        1,
        1,
        1,
        null,
        null,
        1,
        7,
        0,
        null,
        7,
        null,
        null,
        null,
        null,
        null,
        1,
        null,
        null,
        null,
        1,
        1,
        null,
        null,
        null,
        1,
        null,
        null,
        null,
        null,
        1,
        1,
        null,
        1,
        1,
        2,
        1,
        null,
        0,
        0,
        null,
        null,
        null,
        null,
        null,
        null,
        1,
        1,
        1,
        2,
        1,
        null,
        0,
        0,
        null,
        null,
        null,
        null,
        null,
        null,
        1,
        1,
        1,
        2,
        1,
        null,
        null,
        null,
        1,
        null,
        1,
        8,
        null,
        null,
        null,
        1,
        2,
        null,
        null
      ],
      "/home/hasasami/wepalabra/synthspot/app/controllers/messages_controller.rb": [
        1,
        1,
        1,
        null,
        null,
        null,
        1,
        6,
        6,
        6,
        null,
        null,
        null,
        null,
        1,
        2,
        0,
        null,
        null,
        null,
        null,
        1,
        2,
        null,
        null,
        null,
        1,
        null,
        null,
        null,
        null,
        1,
        null,
        null,
        2,
        2,
        2,
        2,
        2,
        2,
        null,
        2,
        2,
        2,
        2,
        null,
        2,
        2,
        4,
        2,
        null,
        0,
        0,
        null,
        null,
        null,
        0,
        null,
        null,
        null,
        null,
        null,
        1,
        0,
        0,
        0,
        0,
        null,
        0,
        0,
        null,
        null,
        null,
        null,
        null,
        null,
        1,
        1,
        1,
        1,
        2,
        1,
        null,
        null,
        0,
        null,
        null,
        null,
        1,
        null,
        1,
        3,
        null,
        null,
        null,
        1,
        6,
        null,
        null
      ],
      "/home/hasasami/wepalabra/synthspot/app/controllers/suggestions_controller.rb": [
        1,
        1,
        1,
        1,
        null,
        null,
        null,
        1,
        4,
        null,
        null,
        null,
        null,
        1,
        null,
        null,
        null,
        1,
        1,
        null,
        null,
        null,
        1,
        null,
        null,
        null,
        null,
        1,
        1,
        1,
        null,
        1,
        1,
        2,
        1,
        null,
        0,
        0,
        null,
        null,
        null,
        null,
        null,
        null,
        1,
        0,
        0,
        0,
        0,
        null,
        0,
        0,
        null,
        null,
        null,
        null,
        null,
        null,
        1,
        1,
        1,
        2,
        1,
        null,
        null,
        null,
        1,
        null,
        1,
        3,
        null,
        null,
        null,
        1,
        1,
        null,
        null
      ],
      "/home/hasasami/wepalabra/synthspot/app/controllers/types_controller.rb": [
        1,
        1,
        1,
        null,
        null,
        1,
        5,
        null,
        null,
        null,
        null,
        1,
        null,
        null,
        null,
        1,
        1,
        null,
        null,
        null,
        1,
        null,
        null,
        null,
        null,
        1,
        1,
        null,
        1,
        1,
        2,
        1,
        null,
        0,
        0,
        null,
        null,
        null,
        null,
        null,
        null,
        1,
        0,
        0,
        0,
        0,
        null,
        0,
        0,
        null,
        null,
        null,
        null,
        null,
        null,
        1,
        0,
        0,
        0,
        0,
        null,
        null,
        null,
        1,
        null,
        1,
        3,
        null,
        null,
        null,
        1,
        1,
        null,
        null
      ],
      "/home/hasasami/wepalabra/synthspot/app/controllers/user_instruments_controller.rb": [
        1,
        1,
        1,
        null,
        null,
        null,
        1,
        0,
        null,
        null,
        null,
        null,
        1,
        null,
        null,
        null,
        1,
        1,
        1,
        null,
        null,
        null,
        1,
        null,
        null,
        null,
        null,
        1,
        1,
        1,
        null,
        1,
        1,
        1,
        2,
        1,
        null,
        0,
        0,
        null,
        null,
        null,
        null,
        null,
        null,
        1,
        0,
        0,
        0,
        0,
        null,
        0,
        0,
        null,
        null,
        null,
        null,
        null,
        null,
        1,
        0,
        0,
        0,
        0,
        null,
        null,
        null,
        1,
        null,
        1,
        0,
        null,
        null,
        null,
        1,
        1,
        null,
        null
      ],
      "/home/hasasami/wepalabra/synthspot/app/controllers/likes_controller.rb": [
        0,
        0,
        0,
        0,
        0,
        0,
        0,
        0,
        0,
        0,
        0,
        0,
        0,
        0,
        0,
        0,
        0,
        0,
        0,
        0,
        0,
        0,
        0,
        0,
        0,
        0,
        0,
        0,
        0,
        0,
        0,
        0,
        0,
        0,
        0,
        0,
        0,
        0,
        0,
        0,
        0,
        0,
        0,
        0,
        0,
        0,
        0,
        0,
        0,
        0,
        0,
        0,
        0,
        0,
        0,
        0,
        0,
        0,
        0,
        0,
        0,
        0,
        0,
        0,
        0,
        0,
        0,
        0,
        0,
        0,
        0,
        0,
        0,
        0,
        0,
        0
      ],
      "/home/hasasami/wepalabra/synthspot/lib/event_api.rb": [
        0,
        0,
        0,
        0,
        0,
        0,
        0,
        0,
        0,
        0,
        0,
        0,
        0
      ]
    },
    "timestamp": 1491263750
  }
}
